#
# A fatal error has been detected by the Java Runtime Environment:
#
#  SIGSEGV (0xb) at pc=0x00000001044fbff7, pid=2629, tid=0x0000000000004f03
#
# JRE version: OpenJDK Runtime Environment (8.0_112-b05) (build 1.8.0_112-release-b05)
# Java VM: OpenJDK 64-Bit Server VM (25.112-b05 mixed mode bsd-amd64 compressed oops)
# Problematic frame:
# V  [libjvm.dylib+0x2a4ff7]  IndexSetIterator::advance_and_next()+0x9f
#
# Failed to write core dump. Core dumps have been disabled. To enable core dumping, try "ulimit -c unlimited" before starting Java again
#
# If you would like to submit a bug report, please visit:
#   http://bugreport.java.com/bugreport/crash.jsp
#

---------------  T H R E A D  ---------------

Current thread (0x00007f8296009800):  JavaThread "C2 CompilerThread2" daemon [_thread_in_native, id=20227, stack(0x0000700008387000,0x0000700008487000)]

siginfo: si_signo: 11 (SIGSEGV), si_code: 0 (unknown), si_addr: 0x0000000000000000

Registers:
RAX=0x0047000104ade180, RBX=0x00007000084835f0, RCX=0x0000000000000000, RDX=0x0000000000000700
RSP=0x0000700008483590, RBP=0x00007000084835b0, RSI=0x0000000000000007, RDI=0x00007f82962bfe80
R8 =0x0000000000000002, R9 =0x00007f829573e000, R10=0x0000000104a3b470, R11=0xffffffff00000000
R12=0x0000000104ade180, R13=0x0000000000000144, R14=0x0000000000000007, R15=0x0000000000000700
RIP=0x00000001044fbff7, EFLAGS=0x0000000000010293, ERR=0x0000000000000000
  TRAPNO=0x000000000000000d

Top of Stack: (sp=0x0000700008483590)
0x0000700008483590:   000000011e76ee18 00007000084835f0
0x00007000084835a0:   000000011e438e10 00007f829629a4e0
0x00007000084835b0:   0000700008483650 00000001045fa489
0x00007000084835c0:   00007f829629a760 000000011e76d010
0x00007000084835d0:   00007f829817baa0 0000700008483928
0x00007000084835e0:   0000000000000000 00007000084836b0
0x00007000084835f0:   0000014500000000 0000000100000003
0x0000700008483600:   0047000104ade180 0000000000000002
0x0000700008483610:   00007f829629a800 0000000100000014
0x0000700008483620:   00007f829629a760 0000700008483928
0x0000700008483630:   00007f829817baa0 0000000000000000
0x0000700008483640:   00007f829817b7f0 0000000000000001
0x0000700008483650:   0000700008483720 00000001045fa9a7
0x0000700008483660:   0000700008483690 00000000000000a4
0x0000700008483670:   00000000000000a3 00000009043b7656
0x0000700008483680:   0000000000000000 0000000000000004
0x0000700008483690:   0000000a08483720 0000000100000001
0x00007000084836a0:   0000000500000014 00007f829629a760
0x00007000084836b0:   0000000104ad5180 00007f8295901190
0x00007000084836c0:   00007f8200000040 00007f8294fb6210
0x00007000084836d0:   00007f8295901190 00007f829746ce00
0x00007000084836e0:   00007f829746ce50 00007f8297474de8
0x00007000084836f0:   00000000002ffde8 00007000084844f0
0x0000700008483700:   00007000084838e8 0000700008485f88
0x0000700008483710:   00007000084839a8 0000700008483928
0x0000700008483720:   0000700008483a30 00000001043b67aa
0x0000700008483730:   0000700008483760 00000001042bf9c7
0x0000700008483740:   00007f82981ce720 00007f82981ce720
0x0000700008483750:   0000000000000008 0000000000000029
0x0000700008483760:   0000700008483860 00000001045df620
0x0000700008483770:   0000000000000200 00007f82979989c0
0x0000700008483780:   0000000000001400 0000000000000002 

Instructions: (pc=0x00000001044fbff7)
0x00000001044fbfd7:   e9 32 b4 eb ff 44 89 f0 48 8b 4b 20 48 8b 04 c1
0x00000001044fbfe7:   4c 39 e0 74 2d 48 89 43 10 31 c9 44 89 fa eb 0c
0x00000001044fbff7:   83 3c 88 00 75 bb 83 c2 20 48 ff c1 83 f9 08 72
0x00000001044fc007:   ef 48 8b 7b 30 48 85 ff 74 08 44 89 f6 e8 c7 fe 

Register to memory mapping:

RAX=0x0047000104ade180 is an unknown value
RBX=0x00007000084835f0 is pointing into the stack for thread: 0x00007f8296009800
RCX=0x0000000000000000 is an unknown value
RDX=0x0000000000000700 is an unknown value
RSP=0x0000700008483590 is pointing into the stack for thread: 0x00007f8296009800
RBP=0x00007000084835b0 is pointing into the stack for thread: 0x00007f8296009800
RSI=0x0000000000000007 is an unknown value
RDI=0x00007f82962bfe80 is an unknown value
R8 =0x0000000000000002 is an unknown value
R9 =0x00007f829573e000 is an unknown value
R10=0x0000000104a3b470: _ZL8tc_mutex+0x20 in /Applications/Android Studio.app/Contents/jre/jdk/Contents/Home/jre/lib/server/libjvm.dylib at 0x0000000104257000
R11=0xffffffff00000000 is an unknown value
R12=0x0000000104ade180: _ZN8IndexSet12_empty_blockE+0 in /Applications/Android Studio.app/Contents/jre/jdk/Contents/Home/jre/lib/server/libjvm.dylib at 0x0000000104257000
R13=0x0000000000000144 is an unknown value
R14=0x0000000000000007 is an unknown value
R15=0x0000000000000700 is an unknown value


Stack: [0x0000700008387000,0x0000700008487000],  sp=0x0000700008483590,  free space=1009k
Native frames: (J=compiled Java code, j=interpreted, Vv=VM code, C=native code)
V  [libjvm.dylib+0x2a4ff7]  IndexSetIterator::advance_and_next()+0x9f
V  [libjvm.dylib+0x3a3489]  PhaseLive::add_liveout(Block*, IndexSet*, VectorSet&)+0xd5
V  [libjvm.dylib+0x3a39a7]  PhaseLive::compute(unsigned int)+0x3b1
V  [libjvm.dylib+0x15f7aa]  PhaseChaitin::Register_Allocate()+0x2d6
V  [libjvm.dylib+0x1aa966]  Compile::Code_Gen()+0x14e
V  [libjvm.dylib+0x1aeaec]  Compile::Compile(ciEnv*, C2Compiler*, ciMethod*, int, bool, bool, bool)+0x982
V  [libjvm.dylib+0x14f20a]  C2Compiler::compile_method(ciEnv*, ciMethod*, int)+0xb2
V  [libjvm.dylib+0x1b19fe]  CompileBroker::invoke_compiler_on_method(CompileTask*)+0x5b2
V  [libjvm.dylib+0x1b3f45]  CompileBroker::compiler_thread_loop()+0x291
V  [libjvm.dylib+0x53912d]  JavaThread::thread_main_inner()+0x9b
V  [libjvm.dylib+0x53a7e4]  JavaThread::run()+0x1c0
V  [libjvm.dylib+0x45bf0a]  java_start(Thread*)+0xf6
C  [libsystem_pthread.dylib+0x3aab]  _pthread_body+0xb4
C  [libsystem_pthread.dylib+0x39f7]  _pthread_body+0x0
C  [libsystem_pthread.dylib+0x31fd]  thread_start+0xd
C  0x0000000000000000


Current CompileTask:
C2:   3363 1396   !   4       java.net.URLClassLoader$1::run (63 bytes)


---------------  P R O C E S S  ---------------

Java Threads: ( => current thread )
  0x00007f8294a02000 JavaThread "Stdin handler" [_thread_blocked, id=25859, stack(0x0000700008ea8000,0x0000700008fa8000)]
  0x00007f829419f000 JavaThread "Asynchronous log dispatcher for org.gradle.launcher.daemon.server.DefaultDaemonConnection@25509861" [_thread_blocked, id=25347, stack(0x0000700008da5000,0x0000700008ea5000)]
  0x00007f82952d8800 JavaThread "Daemon worker" [_thread_in_Java, id=24835, stack(0x0000700008ca2000,0x0000700008da2000)]
  0x00007f82952d5800 JavaThread "Cancel handler" [_thread_blocked, id=24323, stack(0x0000700008b9f000,0x0000700008c9f000)]
  0x00007f829419a800 JavaThread "Handler for socket connection from /127.0.0.1:52433 to /127.0.0.1:52434" [_thread_in_native, id=23811, stack(0x0000700008a9c000,0x0000700008b9c000)]
  0x00007f8294198000 JavaThread "Daemon" [_thread_blocked, id=23299, stack(0x0000700008999000,0x0000700008a99000)]
  0x00007f82952d5000 JavaThread "pool-1-thread-1" [_thread_blocked, id=22787, stack(0x0000700008896000,0x0000700008996000)]
  0x00007f82952bf000 JavaThread "Incoming local TCP Connector on port 52433" [_thread_in_native, id=22275, stack(0x0000700008793000,0x0000700008893000)]
  0x00007f829600a800 JavaThread "Service Thread" daemon [_thread_blocked, id=21251, stack(0x000070000858d000,0x000070000868d000)]
  0x00007f8295013000 JavaThread "C1 CompilerThread3" daemon [_thread_blocked, id=20739, stack(0x000070000848a000,0x000070000858a000)]
=>0x00007f8296009800 JavaThread "C2 CompilerThread2" daemon [_thread_in_native, id=20227, stack(0x0000700008387000,0x0000700008487000)]
  0x00007f8298001000 JavaThread "C2 CompilerThread1" daemon [_thread_in_native, id=19715, stack(0x0000700008284000,0x0000700008384000)]
  0x00007f8296806000 JavaThread "C2 CompilerThread0" daemon [_thread_in_native, id=19203, stack(0x0000700008181000,0x0000700008281000)]
  0x00007f8294018000 JavaThread "Signal Dispatcher" daemon [_thread_blocked, id=18691, stack(0x000070000807e000,0x000070000817e000)]
  0x00007f8295007000 JavaThread "Finalizer" daemon [_thread_blocked, id=14595, stack(0x0000700007f7b000,0x000070000807b000)]
  0x00007f8297012000 JavaThread "Reference Handler" daemon [_thread_blocked, id=14083, stack(0x0000700007e78000,0x0000700007f78000)]
  0x00007f8297000800 JavaThread "main" [_thread_blocked, id=7171, stack(0x000070000745a000,0x000070000755a000)]

Other Threads:
  0x00007f829700d800 VMThread [stack: 0x0000700007d75000,0x0000700007e75000] [id=13571]
  0x00007f8296006800 WatcherThread [stack: 0x0000700008690000,0x0000700008790000] [id=21763]

VM state:not at safepoint (normal execution)

VM Mutex/Monitor currently owned by a thread: None

Heap:
 PSYoungGen      total 47616K, used 33323K [0x00000007a0000000, 0x00000007a3500000, 0x00000007c0000000)
  eden space 40960K, 65% used [0x00000007a0000000,0x00000007a1a0e550,0x00000007a2800000)
  from space 6656K, 99% used [0x00000007a2e80000,0x00000007a34fc778,0x00000007a3500000)
  to   space 6656K, 0% used [0x00000007a2800000,0x00000007a2800000,0x00000007a2e80000)
 ParOldGen       total 109568K, used 2558K [0x0000000760000000, 0x0000000766b00000, 0x00000007a0000000)
  object space 109568K, 2% used [0x0000000760000000,0x000000076027f8c8,0x0000000766b00000)
 Metaspace       used 19119K, capacity 19464K, committed 19840K, reserved 1067008K
  class space    used 2482K, capacity 2625K, committed 2688K, reserved 1048576K

Card table byte_map: [0x00000001061c0000,0x00000001064c1000] byte_map_base: 0x00000001026c0000

Marking Bits: (ParMarkBitMap*) 0x0000000104ae2ed0
 Begin Bits: [0x00000001066c1000, 0x0000000107ec1000)
 End Bits:   [0x0000000107ec1000, 0x00000001096c1000)

Polling page: 0x0000000104d8f000

CodeCache: size=245760Kb used=6384Kb max_used=6384Kb free=239375Kb
 bounds [0x000000010aeb8000, 0x000000010b508000, 0x0000000119eb8000]
 total_blobs=2220 nmethods=1616 adapters=518
 compilation: enabled

Compilation events (10 events):
Event: 3.277 Thread 0x00007f8295013000 1599       3       java.util.Arrays$ArrayList::<init> (16 bytes)
Event: 3.277 Thread 0x00007f8295013000 nmethod 1599 0x000000010b4ed990 code [0x000000010b4edb20, 0x000000010b4edf08]
Event: 3.294 Thread 0x00007f8295013000 1600       3       java.lang.StringBuilder::getChars (10 bytes)
Event: 3.295 Thread 0x00007f8295013000 nmethod 1600 0x000000010b4ee0d0 code [0x000000010b4ee240, 0x000000010b4ee3c8]
Event: 3.295 Thread 0x00007f8295013000 1601       3       java.lang.AbstractStringBuilder::getChars (64 bytes)
Event: 3.295 Thread 0x00007f8295013000 nmethod 1601 0x000000010b4ee450 code [0x000000010b4ee600, 0x000000010b4eea78]
Event: 3.296 Thread 0x00007f8295013000 1602       3       java.io.UnixFileSystem::isAbsolute (13 bytes)
Event: 3.297 Thread 0x00007f8295013000 nmethod 1602 0x000000010b4eec50 code [0x000000010b4eedc0, 0x000000010b4eefb0]
Event: 3.297 Thread 0x00007f8295013000 1603       1       java.nio.channels.spi.AbstractInterruptibleChannel::isOpen (5 bytes)
Event: 3.297 Thread 0x00007f8295013000 nmethod 1603 0x000000010b4ef050 code [0x000000010b4ef1a0, 0x000000010b4ef2b0]

GC Heap History (4 events):
Event: 1.245 GC heap before
{Heap before GC invocations=1 (full 0):
 PSYoungGen      total 47616K, used 40960K [0x00000007a0000000, 0x00000007a3500000, 0x00000007c0000000)
  eden space 40960K, 100% used [0x00000007a0000000,0x00000007a2800000,0x00000007a2800000)
  from space 6656K, 0% used [0x00000007a2e80000,0x00000007a2e80000,0x00000007a3500000)
  to   space 6656K, 0% used [0x00000007a2800000,0x00000007a2800000,0x00000007a2e80000)
 ParOldGen       total 109568K, used 0K [0x0000000760000000, 0x0000000766b00000, 0x00000007a0000000)
  object space 109568K, 0% used [0x0000000760000000,0x0000000760000000,0x0000000766b00000)
 Metaspace       used 8186K, capacity 8370K, committed 8576K, reserved 1056768K
  class space    used 1064K, capacity 1125K, committed 1152K, reserved 1048576K
Event: 1.252 GC heap after
Heap after GC invocations=1 (full 0):
 PSYoungGen      total 47616K, used 5727K [0x00000007a0000000, 0x00000007a3500000, 0x00000007c0000000)
  eden space 40960K, 0% used [0x00000007a0000000,0x00000007a0000000,0x00000007a2800000)
  from space 6656K, 86% used [0x00000007a2800000,0x00000007a2d97fc8,0x00000007a2e80000)
  to   space 6656K, 0% used [0x00000007a2e80000,0x00000007a2e80000,0x00000007a3500000)
 ParOldGen       total 109568K, used 8K [0x0000000760000000, 0x0000000766b00000, 0x00000007a0000000)
  object space 109568K, 0% used [0x0000000760000000,0x0000000760002000,0x0000000766b00000)
 Metaspace       used 8186K, capacity 8370K, committed 8576K, reserved 1056768K
  class space    used 1064K, capacity 1125K, committed 1152K, reserved 1048576K
}
Event: 2.256 GC heap before
{Heap before GC invocations=2 (full 0):
 PSYoungGen      total 47616K, used 46687K [0x00000007a0000000, 0x00000007a3500000, 0x00000007c0000000)
  eden space 40960K, 100% used [0x00000007a0000000,0x00000007a2800000,0x00000007a2800000)
  from space 6656K, 86% used [0x00000007a2800000,0x00000007a2d97fc8,0x00000007a2e80000)
  to   space 6656K, 0% used [0x00000007a2e80000,0x00000007a2e80000,0x00000007a3500000)
 ParOldGen       total 109568K, used 8K [0x0000000760000000, 0x0000000766b00000, 0x00000007a0000000)
  object space 109568K, 0% used [0x0000000760000000,0x0000000760002000,0x0000000766b00000)
 Metaspace       used 16333K, capacity 16672K, committed 16896K, reserved 1064960K
  class space    used 2147K, capacity 2258K, committed 2304K, reserved 1048576K
Event: 2.268 GC heap after
Heap after GC invocations=2 (full 0):
 PSYoungGen      total 47616K, used 6641K [0x00000007a0000000, 0x00000007a3500000, 0x00000007c0000000)
  eden space 40960K, 0% used [0x00000007a0000000,0x00000007a0000000,0x00000007a2800000)
  from space 6656K, 99% used [0x00000007a2e80000,0x00000007a34fc778,0x00000007a3500000)
  to   space 6656K, 0% used [0x00000007a2800000,0x00000007a2800000,0x00000007a2e80000)
 ParOldGen       total 109568K, used 2558K [0x0000000760000000, 0x0000000766b00000, 0x00000007a0000000)
  object space 109568K, 2% used [0x0000000760000000,0x000000076027f8c8,0x0000000766b00000)
 Metaspace       used 16333K, capacity 16672K, committed 16896K, reserved 1064960K
  class space    used 2147K, capacity 2258K, committed 2304K, reserved 1048576K
}

Deoptimization events (10 events):
Event: 2.901 Thread 0x00007f82952d8800 Uncommon trap: reason=class_check action=maybe_recompile pc=0x000000010b07eb50 method=java.lang.String.equals(Ljava/lang/Object;)Z @ 8
Event: 2.967 Thread 0x00007f82952d8800 Uncommon trap: reason=bimorphic action=maybe_recompile pc=0x000000010b2c5098 method=java.lang.ClassLoader.loadClass(Ljava/lang/String;Z)Ljava/lang/Class; @ 38
Event: 2.967 Thread 0x00007f82952d8800 Uncommon trap: reason=bimorphic action=maybe_recompile pc=0x000000010b2c5098 method=java.lang.ClassLoader.loadClass(Ljava/lang/String;Z)Ljava/lang/Class; @ 38
Event: 2.969 Thread 0x00007f82952d8800 Uncommon trap: reason=class_check action=maybe_recompile pc=0x000000010b29a6cc method=sun.misc.URLClassPath.getLoader(I)Lsun/misc/URLClassPath$Loader; @ 94
Event: 2.969 Thread 0x00007f82952d8800 Uncommon trap: reason=class_check action=maybe_recompile pc=0x000000010b16ff2c method=sun.misc.URLClassPath.getResource(Ljava/lang/String;Z)Lsun/misc/Resource; @ 62
Event: 2.971 Thread 0x00007f82952d8800 Uncommon trap: reason=bimorphic action=maybe_recompile pc=0x000000010b2c5098 method=java.lang.ClassLoader.loadClass(Ljava/lang/String;Z)Ljava/lang/Class; @ 38
Event: 2.971 Thread 0x00007f82952d8800 Uncommon trap: reason=bimorphic action=maybe_recompile pc=0x000000010b2c5098 method=java.lang.ClassLoader.loadClass(Ljava/lang/String;Z)Ljava/lang/Class; @ 38
Event: 3.003 Thread 0x00007f82952d8800 Uncommon trap: reason=class_check action=maybe_recompile pc=0x000000010b29a840 method=sun.misc.URLClassPath.getLoader(I)Lsun/misc/URLClassPath$Loader; @ 193
Event: 3.030 Thread 0x00007f82952d8800 Uncommon trap: reason=class_check action=maybe_recompile pc=0x000000010b29a840 method=sun.misc.URLClassPath.getLoader(I)Lsun/misc/URLClassPath$Loader; @ 193
Event: 3.057 Thread 0x00007f82952d8800 Uncommon trap: reason=class_check action=maybe_recompile pc=0x000000010b29a840 method=sun.misc.URLClassPath.getLoader(I)Lsun/misc/URLClassPath$Loader; @ 193

Internal exceptions (10 events):
Event: 3.204 Thread 0x00007f82952d8800 Exception <a 'java/lang/ClassNotFoundException': org/gradle/invocation/DefaultGradle_DecoratedBeanInfo> (0x00000007a16151a0) thrown at [/Volumes/Android_AOSP/AOSP-openjdk/external/jetbrains/jdk/hotspot/src/share/vm/classfile/systemDictionary.cpp, line 210
Event: 3.206 Thread 0x00007f82952d8800 Exception <a 'java/lang/ClassNotFoundException': org/gradle/invocation/DefaultGradleBeanInfo> (0x00000007a16304b8) thrown at [/Volumes/Android_AOSP/AOSP-openjdk/external/jetbrains/jdk/hotspot/src/share/vm/classfile/systemDictionary.cpp, line 210]
Event: 3.207 Thread 0x00007f82952d8800 Exception <a 'java/lang/ClassNotFoundException': org/gradle/api/internal/project/AbstractPluginAwareBeanInfo> (0x00000007a1651220) thrown at [/Volumes/Android_AOSP/AOSP-openjdk/external/jetbrains/jdk/hotspot/src/share/vm/classfile/systemDictionary.cpp, li
Event: 3.208 Thread 0x00007f82952d8800 Exception <a 'java/lang/ClassNotFoundException': org/gradle/api/internal/project/AbstractPluginAwareCustomizer> (0x00000007a16727f0) thrown at [/Volumes/Android_AOSP/AOSP-openjdk/external/jetbrains/jdk/hotspot/src/share/vm/classfile/systemDictionary.cpp, 
Event: 3.210 Thread 0x00007f82952d8800 Exception <a 'java/lang/ClassNotFoundException': org/gradle/invocation/DefaultGradleCustomizer> (0x00000007a16943c8) thrown at [/Volumes/Android_AOSP/AOSP-openjdk/external/jetbrains/jdk/hotspot/src/share/vm/classfile/systemDictionary.cpp, line 210]
Event: 3.216 Thread 0x00007f82952d8800 Exception <a 'java/lang/ClassNotFoundException': org/gradle/invocation/DefaultGradle_DecoratedCustomizer> (0x00000007a16d6238) thrown at [/Volumes/Android_AOSP/AOSP-openjdk/external/jetbrains/jdk/hotspot/src/share/vm/classfile/systemDictionary.cpp, line 2
Event: 3.230 Thread 0x00007f82952d8800 Exception <a 'java/lang/NoSuchMethodError': <clinit>> (0x00000007a174ff40) thrown at [/Volumes/Android_AOSP/AOSP-openjdk/external/jetbrains/jdk/hotspot/src/share/vm/prims/jni.cpp, line 1613]
Event: 3.233 Thread 0x00007f82952d8800 Exception <a 'java/lang/NoSuchMethodError': <clinit>> (0x00000007a176d9b8) thrown at [/Volumes/Android_AOSP/AOSP-openjdk/external/jetbrains/jdk/hotspot/src/share/vm/prims/jni.cpp, line 1613]
Event: 3.233 Thread 0x00007f82952d8800 Exception <a 'java/lang/NoSuchMethodError': <clinit>> (0x00000007a176eaa0) thrown at [/Volumes/Android_AOSP/AOSP-openjdk/external/jetbrains/jdk/hotspot/src/share/vm/prims/jni.cpp, line 1613]
Event: 3.233 Thread 0x00007f82952d8800 Exception <a 'java/lang/NoSuchMethodError': <clinit>> (0x00000007a1770430) thrown at [/Volumes/Android_AOSP/AOSP-openjdk/external/jetbrains/jdk/hotspot/src/share/vm/prims/jni.cpp, line 1613]

Events (10 events):
Event: 3.272 loading class org/gradle/util/GUtil$1
Event: 3.272 loading class org/gradle/util/GUtil$1 done
Event: 3.274 loading class org/gradle/configuration/InitialPassSettingScriptTarget
Event: 3.274 loading class org/gradle/configuration/InitialPassSettingScriptTarget done
Event: 3.274 loading class org/gradle/configuration/SettingScriptTarget
Event: 3.274 loading class org/gradle/configuration/SettingScriptTarget done
Event: 3.275 loading class org/gradle/initialization/InitialPassSettingsScript
Event: 3.275 loading class org/gradle/initialization/InitialPassSettingsScript done
Event: 3.275 loading class org/gradle/initialization/SettingsScript
Event: 3.275 loading class org/gradle/initialization/SettingsScript done


Dynamic libraries:
0x000000002e375000 	/System/Library/Frameworks/Cocoa.framework/Versions/A/Cocoa
0x000000002e375000 	/System/Library/Frameworks/Security.framework/Versions/A/Security
0x000000002e375000 	/System/Library/Frameworks/ApplicationServices.framework/Versions/A/ApplicationServices
0x000000002e375000 	/usr/lib/libz.1.dylib
0x000000002e375000 	/usr/lib/libSystem.B.dylib
0x000000002e375000 	/usr/lib/libobjc.A.dylib
0x000000002e375000 	/System/Library/Frameworks/Foundation.framework/Versions/C/Foundation
0x000000002e375000 	/System/Library/Frameworks/CoreFoundation.framework/Versions/A/CoreFoundation
0x000000002e375000 	/System/Library/Frameworks/AppKit.framework/Versions/C/AppKit
0x000000002e375000 	/System/Library/Frameworks/CoreData.framework/Versions/A/CoreData
0x000000002e375000 	/System/Library/PrivateFrameworks/RemoteViewServices.framework/Versions/A/RemoteViewServices
0x000000002e375000 	/System/Library/PrivateFrameworks/UIFoundation.framework/Versions/A/UIFoundation
0x000000002e375000 	/System/Library/PrivateFrameworks/DFRFoundation.framework/Versions/A/DFRFoundation
0x000000002e375000 	/usr/lib/libenergytrace.dylib
0x000000002e375000 	/System/Library/PrivateFrameworks/SkyLight.framework/Versions/A/SkyLight
0x000000002e375000 	/System/Library/Frameworks/CoreGraphics.framework/Versions/A/CoreGraphics
0x000000002e375000 	/usr/lib/libScreenReader.dylib
0x000000002e375000 	/System/Library/Frameworks/Accelerate.framework/Versions/A/Accelerate
0x000000002e375000 	/System/Library/Frameworks/IOSurface.framework/Versions/A/IOSurface
0x000000002e375000 	/System/Library/Frameworks/AudioToolbox.framework/Versions/A/AudioToolbox
0x000000002e375000 	/System/Library/Frameworks/AudioUnit.framework/Versions/A/AudioUnit
0x000000002e375000 	/System/Library/PrivateFrameworks/DataDetectorsCore.framework/Versions/A/DataDetectorsCore
0x000000002e375000 	/System/Library/PrivateFrameworks/DesktopServicesPriv.framework/Versions/A/DesktopServicesPriv
0x000000002e375000 	/System/Library/Frameworks/Carbon.framework/Versions/A/Frameworks/HIToolbox.framework/Versions/A/HIToolbox
0x000000002e375000 	/usr/lib/libicucore.A.dylib
0x000000002e375000 	/System/Library/Frameworks/QuartzCore.framework/Versions/A/QuartzCore
0x000000002e375000 	/System/Library/Frameworks/Carbon.framework/Versions/A/Frameworks/SpeechRecognition.framework/Versions/A/SpeechRecognition
0x000000002e375000 	/usr/lib/libauto.dylib
0x000000002e375000 	/usr/lib/libxml2.2.dylib
0x000000002e375000 	/System/Library/PrivateFrameworks/CoreUI.framework/Versions/A/CoreUI
0x000000002e375000 	/System/Library/Frameworks/CoreAudio.framework/Versions/A/CoreAudio
0x000000002e375000 	/System/Library/Frameworks/DiskArbitration.framework/Versions/A/DiskArbitration
0x000000002e375000 	/usr/lib/liblangid.dylib
0x000000002e375000 	/System/Library/PrivateFrameworks/MultitouchSupport.framework/Versions/A/MultitouchSupport
0x000000002e375000 	/System/Library/Frameworks/IOKit.framework/Versions/A/IOKit
0x000000002e375000 	/usr/lib/libDiagnosticMessagesClient.dylib
0x000000002e375000 	/System/Library/Frameworks/CoreServices.framework/Versions/A/CoreServices
0x000000002e375000 	/System/Library/PrivateFrameworks/PerformanceAnalysis.framework/Versions/A/PerformanceAnalysis
0x000000002e375000 	/System/Library/PrivateFrameworks/GenerationalStorage.framework/Versions/A/GenerationalStorage
0x000000002e375000 	/System/Library/Frameworks/OpenGL.framework/Versions/A/OpenGL
0x000000002e375000 	/System/Library/Frameworks/CoreImage.framework/Versions/A/CoreImage
0x000000002e375000 	/System/Library/Frameworks/CoreText.framework/Versions/A/CoreText
0x000000002e375000 	/System/Library/Frameworks/ImageIO.framework/Versions/A/ImageIO
0x000000002e375000 	/System/Library/PrivateFrameworks/Backup.framework/Versions/A/Backup
0x000000002e375000 	/usr/lib/libarchive.2.dylib
0x000000002e375000 	/System/Library/Frameworks/CFNetwork.framework/Versions/A/CFNetwork
0x000000002e375000 	/System/Library/Frameworks/SystemConfiguration.framework/Versions/A/SystemConfiguration
0x000000002e375000 	/usr/lib/libCRFSuite.dylib
0x000000002e375000 	/usr/lib/libc++.1.dylib
0x000000002e375000 	/usr/lib/libc++abi.dylib
0x000000002e375000 	/usr/lib/system/libcache.dylib
0x000000002e375000 	/usr/lib/system/libcommonCrypto.dylib
0x000000002e375000 	/usr/lib/system/libcompiler_rt.dylib
0x000000002e375000 	/usr/lib/system/libcopyfile.dylib
0x000000002e375000 	/usr/lib/system/libcorecrypto.dylib
0x000000002e375000 	/usr/lib/system/libdispatch.dylib
0x000000002e375000 	/usr/lib/system/libdyld.dylib
0x000000002e375000 	/usr/lib/system/libkeymgr.dylib
0x000000002e375000 	/usr/lib/system/liblaunch.dylib
0x000000002e375000 	/usr/lib/system/libmacho.dylib
0x000000002e375000 	/usr/lib/system/libquarantine.dylib
0x000000002e375000 	/usr/lib/system/libremovefile.dylib
0x000000002e375000 	/usr/lib/system/libsystem_asl.dylib
0x000000002e375000 	/usr/lib/system/libsystem_blocks.dylib
0x000000002e375000 	/usr/lib/system/libsystem_c.dylib
0x000000002e375000 	/usr/lib/system/libsystem_configuration.dylib
0x000000002e375000 	/usr/lib/system/libsystem_coreservices.dylib
0x000000002e375000 	/usr/lib/system/libsystem_coretls.dylib
0x000000002e375000 	/usr/lib/system/libsystem_dnssd.dylib
0x000000002e375000 	/usr/lib/system/libsystem_info.dylib
0x000000002e375000 	/usr/lib/system/libsystem_kernel.dylib
0x000000002e375000 	/usr/lib/system/libsystem_m.dylib
0x000000002e375000 	/usr/lib/system/libsystem_malloc.dylib
0x000000002e375000 	/usr/lib/system/libsystem_network.dylib
0x000000002e375000 	/usr/lib/system/libsystem_networkextension.dylib
0x000000002e375000 	/usr/lib/system/libsystem_notify.dylib
0x000000002e375000 	/usr/lib/system/libsystem_platform.dylib
0x000000002e375000 	/usr/lib/system/libsystem_pthread.dylib
0x000000002e375000 	/usr/lib/system/libsystem_sandbox.dylib
0x000000002e375000 	/usr/lib/system/libsystem_secinit.dylib
0x000000002e375000 	/usr/lib/system/libsystem_symptoms.dylib
0x000000002e375000 	/usr/lib/system/libsystem_trace.dylib
0x000000002e375000 	/usr/lib/system/libunwind.dylib
0x000000002e375000 	/usr/lib/system/libxpc.dylib
0x000000002e375000 	/usr/lib/libbsm.0.dylib
0x000000002e375000 	/usr/lib/system/libkxld.dylib
0x000000002e375000 	/usr/lib/libcoretls.dylib
0x000000002e375000 	/usr/lib/libcoretls_cfhelpers.dylib
0x000000002e375000 	/usr/lib/libxar.1.dylib
0x000000002e375000 	/usr/lib/libsqlite3.dylib
0x000000002e375000 	/usr/lib/libpam.2.dylib
0x000000002e375000 	/usr/lib/libOpenScriptingUtil.dylib
0x000000002e375000 	/usr/lib/libbz2.1.0.dylib
0x000000002e375000 	/usr/lib/liblzma.5.dylib
0x000000002e375000 	/usr/lib/libnetwork.dylib
0x000000002e375000 	/usr/lib/libpcap.A.dylib
0x000000002e375000 	/System/Library/Frameworks/CoreServices.framework/Versions/A/Frameworks/FSEvents.framework/Versions/A/FSEvents
0x000000002e375000 	/System/Library/Frameworks/CoreServices.framework/Versions/A/Frameworks/CarbonCore.framework/Versions/A/CarbonCore
0x000000002e375000 	/System/Library/Frameworks/CoreServices.framework/Versions/A/Frameworks/Metadata.framework/Versions/A/Metadata
0x000000002e375000 	/System/Library/Frameworks/CoreServices.framework/Versions/A/Frameworks/OSServices.framework/Versions/A/OSServices
0x000000002e375000 	/System/Library/Frameworks/CoreServices.framework/Versions/A/Frameworks/SearchKit.framework/Versions/A/SearchKit
0x000000002e375000 	/System/Library/Frameworks/CoreServices.framework/Versions/A/Frameworks/AE.framework/Versions/A/AE
0x000000002e375000 	/System/Library/Frameworks/CoreServices.framework/Versions/A/Frameworks/LaunchServices.framework/Versions/A/LaunchServices
0x000000002e375000 	/System/Library/Frameworks/CoreServices.framework/Versions/A/Frameworks/DictionaryServices.framework/Versions/A/DictionaryServices
0x000000002e375000 	/System/Library/Frameworks/CoreServices.framework/Versions/A/Frameworks/SharedFileList.framework/Versions/A/SharedFileList
0x000000002e375000 	/System/Library/Frameworks/NetFS.framework/Versions/A/NetFS
0x000000002e375000 	/System/Library/PrivateFrameworks/NetAuth.framework/Versions/A/NetAuth
0x000000002e375000 	/System/Library/PrivateFrameworks/login.framework/Versions/A/Frameworks/loginsupport.framework/Versions/A/loginsupport
0x000000002e375000 	/System/Library/PrivateFrameworks/TCC.framework/Versions/A/TCC
0x000000002e375000 	/usr/lib/libmecabra.dylib
0x000000002e375000 	/System/Library/Frameworks/ApplicationServices.framework/Versions/A/Frameworks/ATS.framework/Versions/A/ATS
0x000000002e375000 	/System/Library/Frameworks/ApplicationServices.framework/Versions/A/Frameworks/ColorSync.framework/Versions/A/ColorSync
0x000000002e375000 	/System/Library/Frameworks/ApplicationServices.framework/Versions/A/Frameworks/HIServices.framework/Versions/A/HIServices
0x000000002e375000 	/System/Library/Frameworks/ApplicationServices.framework/Versions/A/Frameworks/LangAnalysis.framework/Versions/A/LangAnalysis
0x000000002e375000 	/System/Library/Frameworks/ApplicationServices.framework/Versions/A/Frameworks/PrintCore.framework/Versions/A/PrintCore
0x000000002e375000 	/System/Library/Frameworks/ApplicationServices.framework/Versions/A/Frameworks/QD.framework/Versions/A/QD
0x000000002e375000 	/System/Library/Frameworks/ApplicationServices.framework/Versions/A/Frameworks/SpeechSynthesis.framework/Versions/A/SpeechSynthesis
0x000000002e375000 	/System/Library/Frameworks/Accelerate.framework/Versions/A/Frameworks/vImage.framework/Versions/A/vImage
0x000000002e375000 	/System/Library/Frameworks/Accelerate.framework/Versions/A/Frameworks/vecLib.framework/Versions/A/vecLib
0x000000002e375000 	/System/Library/Frameworks/Accelerate.framework/Versions/A/Frameworks/vecLib.framework/Versions/A/libvDSP.dylib
0x000000002e375000 	/System/Library/Frameworks/Accelerate.framework/Versions/A/Frameworks/vecLib.framework/Versions/A/libBNNS.dylib
0x000000002e375000 	/System/Library/Frameworks/Accelerate.framework/Versions/A/Frameworks/vecLib.framework/Versions/A/libQuadrature.dylib
0x000000002e375000 	/System/Library/Frameworks/Accelerate.framework/Versions/A/Frameworks/vecLib.framework/Versions/A/libvMisc.dylib
0x000000002e375000 	/System/Library/Frameworks/Accelerate.framework/Versions/A/Frameworks/vecLib.framework/Versions/A/libLAPACK.dylib
0x000000002e375000 	/System/Library/Frameworks/Accelerate.framework/Versions/A/Frameworks/vecLib.framework/Versions/A/libBLAS.dylib
0x000000002e375000 	/System/Library/Frameworks/Accelerate.framework/Versions/A/Frameworks/vecLib.framework/Versions/A/libLinearAlgebra.dylib
0x000000002e375000 	/System/Library/Frameworks/Accelerate.framework/Versions/A/Frameworks/vecLib.framework/Versions/A/libSparseBLAS.dylib
0x000000002e375000 	/System/Library/Frameworks/ApplicationServices.framework/Versions/A/Frameworks/ATS.framework/Versions/A/Resources/libFontParser.dylib
0x000000002e375000 	/System/Library/Frameworks/ApplicationServices.framework/Versions/A/Frameworks/ATS.framework/Versions/A/Resources/libFontRegistry.dylib
0x000000002e375000 	/System/Library/Frameworks/ImageIO.framework/Versions/A/Resources/libJPEG.dylib
0x000000002e375000 	/System/Library/Frameworks/ImageIO.framework/Versions/A/Resources/libTIFF.dylib
0x000000002e375000 	/System/Library/Frameworks/ImageIO.framework/Versions/A/Resources/libPng.dylib
0x000000002e375000 	/System/Library/Frameworks/ImageIO.framework/Versions/A/Resources/libGIF.dylib
0x000000002e375000 	/System/Library/Frameworks/ImageIO.framework/Versions/A/Resources/libJP2.dylib
0x000000002e375000 	/System/Library/Frameworks/ImageIO.framework/Versions/A/Resources/libRadiance.dylib
0x000000002e375000 	/usr/lib/libcompression.dylib
0x000000002e375000 	/System/Library/PrivateFrameworks/AppleJPEG.framework/Versions/A/AppleJPEG
0x000000002e375000 	/usr/lib/libcups.2.dylib
0x000000002e375000 	/System/Library/Frameworks/Kerberos.framework/Versions/A/Kerberos
0x000000002e375000 	/System/Library/Frameworks/GSS.framework/Versions/A/GSS
0x000000002e375000 	/usr/lib/libresolv.9.dylib
0x000000002e375000 	/usr/lib/libiconv.2.dylib
0x000000002e375000 	/System/Library/PrivateFrameworks/Heimdal.framework/Versions/A/Heimdal
0x000000002e375000 	/usr/lib/libheimdal-asn1.dylib
0x000000002e375000 	/System/Library/Frameworks/OpenDirectory.framework/Versions/A/OpenDirectory
0x000000002e375000 	/System/Library/PrivateFrameworks/CommonAuth.framework/Versions/A/CommonAuth
0x000000002e375000 	/System/Library/Frameworks/OpenDirectory.framework/Versions/A/Frameworks/CFOpenDirectory.framework/Versions/A/CFOpenDirectory
0x000000002e375000 	/System/Library/Frameworks/SecurityFoundation.framework/Versions/A/SecurityFoundation
0x000000002e375000 	/System/Library/PrivateFrameworks/LanguageModeling.framework/Versions/A/LanguageModeling
0x000000002e375000 	/usr/lib/libmarisa.dylib
0x000000002e375000 	/usr/lib/libChineseTokenizer.dylib
0x000000002e375000 	/usr/lib/libcmph.dylib
0x000000002e375000 	/System/Library/PrivateFrameworks/CoreEmoji.framework/Versions/A/CoreEmoji
0x000000002e375000 	/System/Library/Frameworks/ServiceManagement.framework/Versions/A/ServiceManagement
0x000000002e375000 	/usr/lib/libxslt.1.dylib
0x000000002e375000 	/System/Library/Frameworks/Carbon.framework/Versions/A/Frameworks/Ink.framework/Versions/A/Ink
0x000000002e375000 	/System/Library/PrivateFrameworks/TextureIO.framework/Versions/A/TextureIO
0x000000002e375000 	/System/Library/Frameworks/Metal.framework/Versions/A/Metal
0x000000002e375000 	/usr/lib/libate.dylib
0x000000002e375000 	/System/Library/PrivateFrameworks/GPUCompiler.framework/libmetal_timestamp.dylib
0x000000002e375000 	/System/Library/Frameworks/OpenGL.framework/Versions/A/Libraries/libCoreFSCache.dylib
0x000000002e375000 	/System/Library/PrivateFrameworks/IOAccelerator.framework/Versions/A/IOAccelerator
0x000000002e375000 	/System/Library/Frameworks/CoreVideo.framework/Versions/A/CoreVideo
0x000000002e375000 	/usr/lib/libFosl_dynamic.dylib
0x000000002e375000 	/System/Library/PrivateFrameworks/MetalPerformanceShaders.framework/Versions/A/MetalPerformanceShaders
0x000000002e375000 	/System/Library/PrivateFrameworks/FaceCore.framework/Versions/A/FaceCore
0x000000002e375000 	/System/Library/Frameworks/OpenCL.framework/Versions/A/OpenCL
0x000000002e375000 	/System/Library/Frameworks/OpenGL.framework/Versions/A/Libraries/libGLU.dylib
0x000000002e375000 	/System/Library/Frameworks/OpenGL.framework/Versions/A/Libraries/libGFXShared.dylib
0x000000002e375000 	/System/Library/Frameworks/OpenGL.framework/Versions/A/Libraries/libGL.dylib
0x000000002e375000 	/System/Library/Frameworks/OpenGL.framework/Versions/A/Libraries/libGLImage.dylib
0x000000002e375000 	/System/Library/Frameworks/OpenGL.framework/Versions/A/Libraries/libCVMSPluginSupport.dylib
0x000000002e375000 	/System/Library/Frameworks/OpenGL.framework/Versions/A/Libraries/libCoreVMClient.dylib
0x000000002e375000 	/System/Library/PrivateFrameworks/CrashReporterSupport.framework/Versions/A/CrashReporterSupport
0x000000002e375000 	/System/Library/PrivateFrameworks/Sharing.framework/Versions/A/Sharing
0x000000002e375000 	/System/Library/PrivateFrameworks/IconServices.framework/Versions/A/IconServices
0x000000002e375000 	/System/Library/PrivateFrameworks/ProtocolBuffer.framework/Versions/A/ProtocolBuffer
0x000000002e375000 	/System/Library/PrivateFrameworks/Apple80211.framework/Versions/A/Apple80211
0x000000002e375000 	/System/Library/Frameworks/CoreWLAN.framework/Versions/A/CoreWLAN
0x000000002e375000 	/System/Library/PrivateFrameworks/CoreUtils.framework/Versions/A/CoreUtils
0x000000002e375000 	/System/Library/Frameworks/IOBluetooth.framework/Versions/A/IOBluetooth
0x000000002e375000 	/System/Library/PrivateFrameworks/CoreWiFi.framework/Versions/A/CoreWiFi
0x000000002e375000 	/System/Library/Frameworks/CoreBluetooth.framework/Versions/A/CoreBluetooth
0x000000002e375000 	/System/Library/Frameworks/CoreDisplay.framework/Versions/A/CoreDisplay
0x000000002e375000 	/System/Library/PrivateFrameworks/IOPresentment.framework/Versions/A/IOPresentment
0x000000002e375000 	/System/Library/PrivateFrameworks/DebugSymbols.framework/Versions/A/DebugSymbols
0x000000002e375000 	/System/Library/PrivateFrameworks/CoreSymbolication.framework/Versions/A/CoreSymbolication
0x000000002e375000 	/System/Library/PrivateFrameworks/Symbolication.framework/Versions/A/Symbolication
0x000000002e375000 	/System/Library/PrivateFrameworks/AppleFSCompression.framework/Versions/A/AppleFSCompression
0x000000002e375000 	/System/Library/PrivateFrameworks/SpeechRecognitionCore.framework/Versions/A/SpeechRecognitionCore
0x000000002e375000 	/System/Library/PrivateFrameworks/ChunkingLibrary.framework/Versions/A/ChunkingLibrary
0x0000000049f21000 	/System/Library/CoreServices/Encodings/libCyrillicConverter.dylib
0x0000000104257000 	/Applications/Android Studio.app/Contents/jre/jdk/Contents/Home/jre/lib/server/libjvm.dylib
0x000000002e375000 	/usr/lib/libstdc++.6.dylib
0x0000000104d4d000 	/Applications/Android Studio.app/Contents/jre/jdk/Contents/Home/jre/lib/libverify.dylib
0x0000000104d5a000 	/Applications/Android Studio.app/Contents/jre/jdk/Contents/Home/jre/lib/libjava.dylib
0x0000000104d99000 	/Applications/Android Studio.app/Contents/jre/jdk/Contents/Home/jre/lib/libzip.dylib
0x000000011b178000 	/System/Library/Frameworks/JavaVM.framework/Frameworks/JavaRuntimeSupport.framework/JavaRuntimeSupport
0x0000000104de9000 	/System/Library/Frameworks/JavaVM.framework/Versions/A/Frameworks/JavaNativeFoundation.framework/Versions/A/JavaNativeFoundation
0x000000010ae1d000 	/System/Library/Frameworks/JavaVM.framework/Versions/A/JavaVM
0x000000002e375000 	/System/Library/Frameworks/Carbon.framework/Versions/A/Carbon
0x000000011b192000 	/System/Library/PrivateFrameworks/JavaLaunching.framework/Versions/A/JavaLaunching
0x000000002e375000 	/System/Library/Frameworks/Carbon.framework/Versions/A/Frameworks/CommonPanels.framework/Versions/A/CommonPanels
0x000000002e375000 	/System/Library/Frameworks/Carbon.framework/Versions/A/Frameworks/Help.framework/Versions/A/Help
0x000000002e375000 	/System/Library/Frameworks/Carbon.framework/Versions/A/Frameworks/ImageCapture.framework/Versions/A/ImageCapture
0x000000002e375000 	/System/Library/Frameworks/Carbon.framework/Versions/A/Frameworks/OpenScripting.framework/Versions/A/OpenScripting
0x000000002e375000 	/System/Library/Frameworks/Carbon.framework/Versions/A/Frameworks/Print.framework/Versions/A/Print
0x000000002e375000 	/System/Library/Frameworks/Carbon.framework/Versions/A/Frameworks/SecurityHI.framework/Versions/A/SecurityHI
0x000000011ce5f000 	/Applications/Android Studio.app/Contents/jre/jdk/Contents/Home/jre/lib/libnet.dylib
0x000000011cebe000 	/Applications/Android Studio.app/Contents/jre/jdk/Contents/Home/jre/lib/libnio.dylib
0x000000011cece000 	/Users/a1/.gradle/native/19/osx-amd64/libnative-platform.dylib
0x000000011d3a2000 	/Applications/Android Studio.app/Contents/jre/jdk/Contents/Home/jre/lib/libmanagement.dylib

VM Arguments:
jvm_args: -Xmx1536m -Dfile.encoding=UTF-8 -Duser.country=RU -Duser.language=ru -Duser.variant 
java_command: org.gradle.launcher.daemon.bootstrap.GradleDaemon 2.14.1
java_class_path (initial): /Applications/Android Studio.app/Contents/gradle/gradle-2.14.1/lib/gradle-launcher-2.14.1.jar
Launcher Type: SUN_STANDARD

Environment Variables:
PATH=/usr/bin:/bin:/usr/sbin:/sbin
SHELL=/bin/bash

Signal Handlers:
SIGSEGV: [libjvm.dylib+0x57e9cd], sa_mask[0]=11111111011111110111111111111111, sa_flags=SA_ONSTACK|SA_RESTART|SA_SIGINFO
SIGBUS: [libjvm.dylib+0x57e9cd], sa_mask[0]=11111111011111110111111111111111, sa_flags=SA_RESTART|SA_SIGINFO
SIGFPE: [libjvm.dylib+0x45951c], sa_mask[0]=11111111011111110111111111111111, sa_flags=SA_RESTART|SA_SIGINFO
SIGPIPE: [libjvm.dylib+0x45951c], sa_mask[0]=11111111011111110111111111111111, sa_flags=SA_RESTART|SA_SIGINFO
SIGXFSZ: [libjvm.dylib+0x45951c], sa_mask[0]=11111111011111110111111111111111, sa_flags=SA_RESTART|SA_SIGINFO
SIGILL: [libjvm.dylib+0x45951c], sa_mask[0]=11111111011111110111111111111111, sa_flags=SA_RESTART|SA_SIGINFO
SIGUSR1: SIG_DFL, sa_mask[0]=00000000000000000000000000000000, sa_flags=none
SIGUSR2: [libjvm.dylib+0x45903a], sa_mask[0]=00100000000000000000000000000000, sa_flags=SA_RESTART|SA_SIGINFO
SIGHUP: [libjvm.dylib+0x457611], sa_mask[0]=11111111011111110111111111111111, sa_flags=SA_RESTART|SA_SIGINFO
SIGINT: [libjvm.dylib+0x457611], sa_mask[0]=11111111011111110111111111111111, sa_flags=SA_RESTART|SA_SIGINFO
SIGTERM: [libjvm.dylib+0x457611], sa_mask[0]=11111111011111110111111111111111, sa_flags=SA_RESTART|SA_SIGINFO
SIGQUIT: [libjvm.dylib+0x457611], sa_mask[0]=11111111011111110111111111111111, sa_flags=SA_RESTART|SA_SIGINFO


---------------  S Y S T E M  ---------------

OS:Bsduname:Darwin 16.4.0 Darwin Kernel Version 16.4.0: Thu Dec 22 22:53:21 PST 2016; root:xnu-3789.41.3~3/RELEASE_X86_64 x86_64
rlimit: STACK 8192k, CORE 0k, NPROC 709, NOFILE 10240, AS infinity
load average:2.60 3.40 3.22

CPU:total 8 (4 cores per cpu, 2 threads per core) family 6 model 42 stepping 7, cmov, cx8, fxsr, mmx, sse, sse2, sse3, ssse3, sse4.1, sse4.2, popcnt, avx, aes, clmul, ht, tsc, tscinvbit

Memory: 4k page, physical 10485760k(1205520k free)

/proc/meminfo:


vm_info: OpenJDK 64-Bit Server VM (25.112-b05) for bsd-amd64 JRE (1.8.0_112-release-b05), built on Sep 26 2016 14:04:06 by "builder" with gcc 4.2.1 (Based on Apple Inc. build 5658) (LLVM build 2336.11.00)

time: Thu Feb 23 19:54:52 2017
elapsed time: 3 seconds (0d 0h 0m 3s)

